d:\qnmdc\se\homework1\jiaodian\debug\vc142.pdb
d:\qnmdc\se\homework1\jiaodian\debug\vc142.idb
d:\qnmdc\se\homework1\jiaodian\debug\point.nativecodeanalysis.sarif
d:\qnmdc\se\homework1\jiaodian\debug\point.nativecodeanalysis.xml
d:\qnmdc\se\homework1\jiaodian\debug\line.nativecodeanalysis.sarif
d:\qnmdc\se\homework1\jiaodian\debug\line.nativecodeanalysis.xml
d:\qnmdc\se\homework1\jiaodian\debug\jiaodian.nativecodeanalysis.sarif
d:\qnmdc\se\homework1\jiaodian\debug\jiaodian.nativecodeanalysis.xml
d:\qnmdc\se\homework1\jiaodian\debug\geo.nativecodeanalysis.sarif
d:\qnmdc\se\homework1\jiaodian\debug\geo.nativecodeanalysis.xml
d:\qnmdc\se\homework1\jiaodian\debug\circle.nativecodeanalysis.sarif
d:\qnmdc\se\homework1\jiaodian\debug\circle.nativecodeanalysis.xml
d:\qnmdc\se\homework1\jiaodian\debug\circle.obj
d:\qnmdc\se\homework1\jiaodian\debug\geo.obj
d:\qnmdc\se\homework1\jiaodian\debug\jiaodian.obj
d:\qnmdc\se\homework1\jiaodian\debug\line.obj
d:\qnmdc\se\homework1\jiaodian\debug\point.obj
d:\qnmdc\se\homework1\jiaodian\debug\jiaodian.ilk
d:\qnmdc\se\homework1\jiaodian\debug\jiaodian.exe
d:\qnmdc\se\homework1\jiaodian\debug\jiaodian.pdb
d:\qnmdc\se\homework1\jiaodian\debug\nativecodeanalysis.read.1.tlog
d:\qnmdc\se\homework1\jiaodian\debug\unittest1.exp
d:\qnmdc\se\homework1\jiaodian\debug\unittest1.pdb
d:\qnmdc\se\homework1\jiaodian\debug\vc.nativecodeanalysis.all.xml
d:\qnmdc\se\homework1\jiaodian\debug\jiaodian.exe.lastcodeanalysissucceeded
d:\qnmdc\se\homework1\jiaodian\debug\jiaodian.tlog\cl.command.1.tlog
d:\qnmdc\se\homework1\jiaodian\debug\jiaodian.tlog\cl.read.1.tlog
d:\qnmdc\se\homework1\jiaodian\debug\jiaodian.tlog\cl.write.1.tlog
d:\qnmdc\se\homework1\jiaodian\debug\jiaodian.tlog\link.command.1.tlog
d:\qnmdc\se\homework1\jiaodian\debug\jiaodian.tlog\link.read.1.tlog
d:\qnmdc\se\homework1\jiaodian\debug\jiaodian.tlog\link.write.1.tlog
